2020-03-30 09:53:07,607 ERROR 25421 [-/::1/-/24ms GET /user/4] nodejs.SequelizeDatabaseError: Unknown column 'avatar_url' in 'field list'
    at Query.formatError (/Users/qianduan-lidong/egg-demo/node_modules/sequelize/lib/dialects/mysql/query.js:244:16)
    at Query.handler [as onResult] (/Users/qianduan-lidong/egg-demo/node_modules/sequelize/lib/dialects/mysql/query.js:51:23)
    at Query.execute (/Users/qianduan-lidong/egg-demo/node_modules/mysql2/lib/commands/command.js:30:14)
    at Connection.handlePacket (/Users/qianduan-lidong/egg-demo/node_modules/mysql2/lib/connection.js:417:32)
    at PacketParser.Connection.packetParser.p [as onPacket] (/Users/qianduan-lidong/egg-demo/node_modules/mysql2/lib/connection.js:75:12)
    at PacketParser.executeStart (/Users/qianduan-lidong/egg-demo/node_modules/mysql2/lib/packet_parser.js:75:16)
    at Socket.Connection.stream.on.data (/Users/qianduan-lidong/egg-demo/node_modules/mysql2/lib/connection.js:82:25)
    at Socket.emit (events.js:189:13)
    at addChunk (_stream_readable.js:284:12)
    at readableAddChunk (_stream_readable.js:265:11)
    at Socket.Readable.push (_stream_readable.js:220:10)
    at TCP.onStreamRead [as onread] (internal/stream_base_commons.js:94:17)
From previous event:
    at Query.run (/Users/qianduan-lidong/egg-demo/node_modules/sequelize/lib/dialects/mysql/query.js:39:12)
    at runHooks.then.then (/Users/qianduan-lidong/egg-demo/node_modules/sequelize/lib/sequelize.js:645:29)
From previous event:
    at Promise.try.then.connection (/Users/qianduan-lidong/egg-demo/node_modules/sequelize/lib/sequelize.js:645:12)
From previous event:
    at Promise.resolve.retry (/Users/qianduan-lidong/egg-demo/node_modules/sequelize/lib/sequelize.js:641:10)
    at /Users/qianduan-lidong/egg-demo/node_modules/retry-as-promised/index.js:70:21
    at new Promise (<anonymous>)
    at retryAsPromised (/Users/qianduan-lidong/egg-demo/node_modules/retry-as-promised/index.js:60:10)
    at Promise.try (/Users/qianduan-lidong/egg-demo/node_modules/sequelize/lib/sequelize.js:631:30)
From previous event:
    at Sequelize.query (/Users/qianduan-lidong/egg-demo/node_modules/sequelize/lib/sequelize.js:580:23)
    at QueryInterface.select (/Users/qianduan-lidong/egg-demo/node_modules/sequelize/lib/query-interface.js:1121:27)
    at Promise.try.then.then.then (/Users/qianduan-lidong/egg-demo/node_modules/sequelize/lib/model.js:1757:34)
    at runCallback (timers.js:705:18)
    at tryOnImmediate (timers.js:676:5)
    at processImmediate (timers.js:658:5)
From previous event:
    at Function.findAll (/Users/qianduan-lidong/egg-demo/node_modules/sequelize/lib/model.js:1755:8)
    at Function.findOne (/Users/qianduan-lidong/egg-demo/node_modules/sequelize/lib/model.js:1924:17)
    at Function.findByPk (/Users/qianduan-lidong/egg-demo/node_modules/sequelize/lib/model.js:1888:17)
    at UserController.readOne (/Users/qianduan-lidong/egg-demo/app/controller/user.js:20:39)
    at Object.callFn (/Users/qianduan-lidong/egg-demo/node_modules/egg-core/lib/utils/index.js:44:21)
    at Object.classControllerMiddleware (/Users/qianduan-lidong/egg-demo/node_modules/egg-core/lib/loader/mixin/controller.js:87:20)
    at Object.callFn (/Users/qianduan-lidong/egg-demo/node_modules/@eggjs/router/lib/utils.js:12:21)
    at wrappedController (/Users/qianduan-lidong/egg-demo/node_modules/@eggjs/router/lib/egg_router.js:322:18)
    at dispatch (/Users/qianduan-lidong/egg-demo/node_modules/koa-compose/index.js:44:32)
    at next (/Users/qianduan-lidong/egg-demo/node_modules/koa-compose/index.js:45:18)
    at /Users/qianduan-lidong/egg-demo/node_modules/@eggjs/router/lib/router.js:190:18
    at dispatch (/Users/qianduan-lidong/egg-demo/node_modules/koa-compose/index.js:44:32)
    at /Users/qianduan-lidong/egg-demo/node_modules/koa-compose/index.js:36:12
    at dispatch (/Users/qianduan-lidong/egg-demo/node_modules/@eggjs/router/lib/router.js:195:33)
    at dispatch (/Users/qianduan-lidong/egg-demo/node_modules/koa/node_modules/koa-compose/index.js:42:32)
    at jsonError (/Users/qianduan-lidong/egg-demo/node_modules/koa-json-error/lib/middleware.js:49:12)
    at dispatch (/Users/qianduan-lidong/egg-demo/node_modules/koa/node_modules/koa-compose/index.js:42:32)
    at /Users/qianduan-lidong/egg-demo/node_modules/egg-development/app/middleware/egg_loader_trace.js:9:56
    at dispatch (/Users/qianduan-lidong/egg-demo/node_modules/koa/node_modules/koa-compose/index.js:42:32)
    at i18n (/Users/qianduan-lidong/egg-demo/node_modules/egg-i18n/app/middleware/i18n.js:13:12)
    at dispatch (/Users/qianduan-lidong/egg-demo/node_modules/koa/node_modules/koa-compose/index.js:42:32)
    at dispatch (/Users/qianduan-lidong/egg-demo/node_modules/egg-security/node_modules/koa-compose/index.js:42:32)
    at dta (/Users/qianduan-lidong/egg-demo/node_modules/egg-security/lib/middlewares/dta.js:12:12)
    at dispatch (/Users/qianduan-lidong/egg-demo/node_modules/egg-security/node_modules/koa-compose/index.js:42:32)
    at xframe (/Users/qianduan-lidong/egg-demo/node_modules/egg-security/lib/middlewares/xframe.js:7:11)
name: "SequelizeDatabaseError"
parent: {"code":"ER_BAD_FIELD_ERROR","errno":1054,"sqlState":"42S22","sqlMessage":"Unknown column 'avatar_url' in 'field list'","sql":"SELECT `id`, `name`, `password`, `create_time`, `gender`, `avatar_url` AS `avatarUrl`, `created_at` AS `createdAt`, `updated_at` AS `updatedAt` FROM `users` AS `user` WHERE `user`.`id` = 4;"}
original: {"code":"ER_BAD_FIELD_ERROR","errno":1054,"sqlState":"42S22","sqlMessage":"Unknown column 'avatar_url' in 'field list'","sql":"SELECT `id`, `name`, `password`, `create_time`, `gender`, `avatar_url` AS `avatarUrl`, `created_at` AS `createdAt`, `updated_at` AS `updatedAt` FROM `users` AS `user` WHERE `user`.`id` = 4;"}
sql: "SELECT `id`, `name`, `password`, `create_time`, `gender`, `avatar_url` AS `avatarUrl`, `created_at` AS `createdAt`, `updated_at` AS `updatedAt` FROM `users` AS `user` WHERE `user`.`id` = 4;"
parameters: undefined
pid: 25421
hostname: qianduan-lidongdeMacBook-Pro.local

2020-03-30 10:00:22,483 ERROR 25639 [-/::1/-/27ms GET /user/4] nodejs.SequelizeDatabaseError: Unknown column 'avatar_url' in 'field list'
    at Query.formatError (/Users/qianduan-lidong/egg-demo/node_modules/sequelize/lib/dialects/mysql/query.js:244:16)
    at Query.handler [as onResult] (/Users/qianduan-lidong/egg-demo/node_modules/sequelize/lib/dialects/mysql/query.js:51:23)
    at Query.execute (/Users/qianduan-lidong/egg-demo/node_modules/mysql2/lib/commands/command.js:30:14)
    at Connection.handlePacket (/Users/qianduan-lidong/egg-demo/node_modules/mysql2/lib/connection.js:417:32)
    at PacketParser.Connection.packetParser.p [as onPacket] (/Users/qianduan-lidong/egg-demo/node_modules/mysql2/lib/connection.js:75:12)
    at PacketParser.executeStart (/Users/qianduan-lidong/egg-demo/node_modules/mysql2/lib/packet_parser.js:75:16)
    at Socket.Connection.stream.on.data (/Users/qianduan-lidong/egg-demo/node_modules/mysql2/lib/connection.js:82:25)
    at Socket.emit (events.js:189:13)
    at addChunk (_stream_readable.js:284:12)
    at readableAddChunk (_stream_readable.js:265:11)
    at Socket.Readable.push (_stream_readable.js:220:10)
    at TCP.onStreamRead [as onread] (internal/stream_base_commons.js:94:17)
From previous event:
    at Query.run (/Users/qianduan-lidong/egg-demo/node_modules/sequelize/lib/dialects/mysql/query.js:39:12)
    at runHooks.then.then (/Users/qianduan-lidong/egg-demo/node_modules/sequelize/lib/sequelize.js:645:29)
From previous event:
    at Promise.try.then.connection (/Users/qianduan-lidong/egg-demo/node_modules/sequelize/lib/sequelize.js:645:12)
From previous event:
    at Promise.resolve.retry (/Users/qianduan-lidong/egg-demo/node_modules/sequelize/lib/sequelize.js:641:10)
    at /Users/qianduan-lidong/egg-demo/node_modules/retry-as-promised/index.js:70:21
    at new Promise (<anonymous>)
    at retryAsPromised (/Users/qianduan-lidong/egg-demo/node_modules/retry-as-promised/index.js:60:10)
    at Promise.try (/Users/qianduan-lidong/egg-demo/node_modules/sequelize/lib/sequelize.js:631:30)
From previous event:
    at Sequelize.query (/Users/qianduan-lidong/egg-demo/node_modules/sequelize/lib/sequelize.js:580:23)
    at QueryInterface.select (/Users/qianduan-lidong/egg-demo/node_modules/sequelize/lib/query-interface.js:1121:27)
    at Promise.try.then.then.then (/Users/qianduan-lidong/egg-demo/node_modules/sequelize/lib/model.js:1757:34)
    at runCallback (timers.js:705:18)
    at tryOnImmediate (timers.js:676:5)
    at processImmediate (timers.js:658:5)
From previous event:
    at Function.findAll (/Users/qianduan-lidong/egg-demo/node_modules/sequelize/lib/model.js:1755:8)
    at Function.findOne (/Users/qianduan-lidong/egg-demo/node_modules/sequelize/lib/model.js:1924:17)
    at Function.findByPk (/Users/qianduan-lidong/egg-demo/node_modules/sequelize/lib/model.js:1888:17)
    at UserController.readOne (/Users/qianduan-lidong/egg-demo/app/controller/user.js:20:39)
    at Object.callFn (/Users/qianduan-lidong/egg-demo/node_modules/egg-core/lib/utils/index.js:44:21)
    at Object.classControllerMiddleware (/Users/qianduan-lidong/egg-demo/node_modules/egg-core/lib/loader/mixin/controller.js:87:20)
    at Object.callFn (/Users/qianduan-lidong/egg-demo/node_modules/@eggjs/router/lib/utils.js:12:21)
    at wrappedController (/Users/qianduan-lidong/egg-demo/node_modules/@eggjs/router/lib/egg_router.js:322:18)
    at dispatch (/Users/qianduan-lidong/egg-demo/node_modules/koa-compose/index.js:44:32)
    at next (/Users/qianduan-lidong/egg-demo/node_modules/koa-compose/index.js:45:18)
    at /Users/qianduan-lidong/egg-demo/node_modules/@eggjs/router/lib/router.js:190:18
    at dispatch (/Users/qianduan-lidong/egg-demo/node_modules/koa-compose/index.js:44:32)
    at /Users/qianduan-lidong/egg-demo/node_modules/koa-compose/index.js:36:12
    at dispatch (/Users/qianduan-lidong/egg-demo/node_modules/@eggjs/router/lib/router.js:195:33)
    at dispatch (/Users/qianduan-lidong/egg-demo/node_modules/koa/node_modules/koa-compose/index.js:42:32)
    at jsonError (/Users/qianduan-lidong/egg-demo/node_modules/koa-json-error/lib/middleware.js:49:12)
    at dispatch (/Users/qianduan-lidong/egg-demo/node_modules/koa/node_modules/koa-compose/index.js:42:32)
    at /Users/qianduan-lidong/egg-demo/node_modules/egg-development/app/middleware/egg_loader_trace.js:9:56
    at dispatch (/Users/qianduan-lidong/egg-demo/node_modules/koa/node_modules/koa-compose/index.js:42:32)
    at i18n (/Users/qianduan-lidong/egg-demo/node_modules/egg-i18n/app/middleware/i18n.js:13:12)
    at dispatch (/Users/qianduan-lidong/egg-demo/node_modules/koa/node_modules/koa-compose/index.js:42:32)
    at dispatch (/Users/qianduan-lidong/egg-demo/node_modules/egg-security/node_modules/koa-compose/index.js:42:32)
    at dta (/Users/qianduan-lidong/egg-demo/node_modules/egg-security/lib/middlewares/dta.js:12:12)
    at dispatch (/Users/qianduan-lidong/egg-demo/node_modules/egg-security/node_modules/koa-compose/index.js:42:32)
    at xframe (/Users/qianduan-lidong/egg-demo/node_modules/egg-security/lib/middlewares/xframe.js:7:11)
name: "SequelizeDatabaseError"
parent: {"code":"ER_BAD_FIELD_ERROR","errno":1054,"sqlState":"42S22","sqlMessage":"Unknown column 'avatar_url' in 'field list'","sql":"SELECT `id`, `name`, `password`, `create_time`, `gender`, `avatar_url` AS `avatarUrl`, `created_at` AS `createdAt`, `updated_at` AS `updatedAt` FROM `users` AS `user` WHERE `user`.`id` = 4;"}
original: {"code":"ER_BAD_FIELD_ERROR","errno":1054,"sqlState":"42S22","sqlMessage":"Unknown column 'avatar_url' in 'field list'","sql":"SELECT `id`, `name`, `password`, `create_time`, `gender`, `avatar_url` AS `avatarUrl`, `created_at` AS `createdAt`, `updated_at` AS `updatedAt` FROM `users` AS `user` WHERE `user`.`id` = 4;"}
sql: "SELECT `id`, `name`, `password`, `create_time`, `gender`, `avatar_url` AS `avatarUrl`, `created_at` AS `createdAt`, `updated_at` AS `updatedAt` FROM `users` AS `user` WHERE `user`.`id` = 4;"
parameters: undefined
pid: 25639
hostname: qianduan-lidongdeMacBook-Pro.local

2020-03-30 10:06:57,626 ERROR 25724 [-/::1/-/22ms GET /user/4] nodejs.SequelizeDatabaseError: Unknown column 'avatar_url' in 'field list'
    at Query.formatError (/Users/qianduan-lidong/egg-demo/node_modules/sequelize/lib/dialects/mysql/query.js:244:16)
    at Query.handler [as onResult] (/Users/qianduan-lidong/egg-demo/node_modules/sequelize/lib/dialects/mysql/query.js:51:23)
    at Query.execute (/Users/qianduan-lidong/egg-demo/node_modules/mysql2/lib/commands/command.js:30:14)
    at Connection.handlePacket (/Users/qianduan-lidong/egg-demo/node_modules/mysql2/lib/connection.js:417:32)
    at PacketParser.Connection.packetParser.p [as onPacket] (/Users/qianduan-lidong/egg-demo/node_modules/mysql2/lib/connection.js:75:12)
    at PacketParser.executeStart (/Users/qianduan-lidong/egg-demo/node_modules/mysql2/lib/packet_parser.js:75:16)
    at Socket.Connection.stream.on.data (/Users/qianduan-lidong/egg-demo/node_modules/mysql2/lib/connection.js:82:25)
    at Socket.emit (events.js:189:13)
    at addChunk (_stream_readable.js:284:12)
    at readableAddChunk (_stream_readable.js:265:11)
    at Socket.Readable.push (_stream_readable.js:220:10)
    at TCP.onStreamRead [as onread] (internal/stream_base_commons.js:94:17)
From previous event:
    at Query.run (/Users/qianduan-lidong/egg-demo/node_modules/sequelize/lib/dialects/mysql/query.js:39:12)
    at runHooks.then.then (/Users/qianduan-lidong/egg-demo/node_modules/sequelize/lib/sequelize.js:645:29)
From previous event:
    at Promise.try.then.connection (/Users/qianduan-lidong/egg-demo/node_modules/sequelize/lib/sequelize.js:645:12)
From previous event:
    at Promise.resolve.retry (/Users/qianduan-lidong/egg-demo/node_modules/sequelize/lib/sequelize.js:641:10)
    at /Users/qianduan-lidong/egg-demo/node_modules/retry-as-promised/index.js:70:21
    at new Promise (<anonymous>)
    at retryAsPromised (/Users/qianduan-lidong/egg-demo/node_modules/retry-as-promised/index.js:60:10)
    at Promise.try (/Users/qianduan-lidong/egg-demo/node_modules/sequelize/lib/sequelize.js:631:30)
From previous event:
    at Sequelize.query (/Users/qianduan-lidong/egg-demo/node_modules/sequelize/lib/sequelize.js:580:23)
    at QueryInterface.select (/Users/qianduan-lidong/egg-demo/node_modules/sequelize/lib/query-interface.js:1121:27)
    at Promise.try.then.then.then (/Users/qianduan-lidong/egg-demo/node_modules/sequelize/lib/model.js:1757:34)
    at runCallback (timers.js:705:18)
    at tryOnImmediate (timers.js:676:5)
    at processImmediate (timers.js:658:5)
From previous event:
    at Function.findAll (/Users/qianduan-lidong/egg-demo/node_modules/sequelize/lib/model.js:1755:8)
    at Function.findOne (/Users/qianduan-lidong/egg-demo/node_modules/sequelize/lib/model.js:1924:17)
    at Function.findByPk (/Users/qianduan-lidong/egg-demo/node_modules/sequelize/lib/model.js:1888:17)
    at UserController.readOne (/Users/qianduan-lidong/egg-demo/app/controller/user.js:20:39)
    at Object.callFn (/Users/qianduan-lidong/egg-demo/node_modules/egg-core/lib/utils/index.js:44:21)
    at Object.classControllerMiddleware (/Users/qianduan-lidong/egg-demo/node_modules/egg-core/lib/loader/mixin/controller.js:87:20)
    at Object.callFn (/Users/qianduan-lidong/egg-demo/node_modules/@eggjs/router/lib/utils.js:12:21)
    at wrappedController (/Users/qianduan-lidong/egg-demo/node_modules/@eggjs/router/lib/egg_router.js:322:18)
    at dispatch (/Users/qianduan-lidong/egg-demo/node_modules/koa-compose/index.js:44:32)
    at next (/Users/qianduan-lidong/egg-demo/node_modules/koa-compose/index.js:45:18)
    at /Users/qianduan-lidong/egg-demo/node_modules/@eggjs/router/lib/router.js:190:18
    at dispatch (/Users/qianduan-lidong/egg-demo/node_modules/koa-compose/index.js:44:32)
    at /Users/qianduan-lidong/egg-demo/node_modules/koa-compose/index.js:36:12
    at dispatch (/Users/qianduan-lidong/egg-demo/node_modules/@eggjs/router/lib/router.js:195:33)
    at dispatch (/Users/qianduan-lidong/egg-demo/node_modules/koa/node_modules/koa-compose/index.js:42:32)
    at jsonError (/Users/qianduan-lidong/egg-demo/node_modules/koa-json-error/lib/middleware.js:49:12)
    at dispatch (/Users/qianduan-lidong/egg-demo/node_modules/koa/node_modules/koa-compose/index.js:42:32)
    at /Users/qianduan-lidong/egg-demo/node_modules/egg-development/app/middleware/egg_loader_trace.js:9:56
    at dispatch (/Users/qianduan-lidong/egg-demo/node_modules/koa/node_modules/koa-compose/index.js:42:32)
    at i18n (/Users/qianduan-lidong/egg-demo/node_modules/egg-i18n/app/middleware/i18n.js:13:12)
    at dispatch (/Users/qianduan-lidong/egg-demo/node_modules/koa/node_modules/koa-compose/index.js:42:32)
    at dispatch (/Users/qianduan-lidong/egg-demo/node_modules/egg-security/node_modules/koa-compose/index.js:42:32)
    at dta (/Users/qianduan-lidong/egg-demo/node_modules/egg-security/lib/middlewares/dta.js:12:12)
    at dispatch (/Users/qianduan-lidong/egg-demo/node_modules/egg-security/node_modules/koa-compose/index.js:42:32)
    at xframe (/Users/qianduan-lidong/egg-demo/node_modules/egg-security/lib/middlewares/xframe.js:7:11)
name: "SequelizeDatabaseError"
parent: {"code":"ER_BAD_FIELD_ERROR","errno":1054,"sqlState":"42S22","sqlMessage":"Unknown column 'avatar_url' in 'field list'","sql":"SELECT `id`, `name`, `password`, `create_time`, `gender`, `avatar_url` AS `avatarUrl`, `created_at` AS `createdAt`, `updated_at` AS `updatedAt` FROM `users` AS `user` WHERE `user`.`id` = 4;"}
original: {"code":"ER_BAD_FIELD_ERROR","errno":1054,"sqlState":"42S22","sqlMessage":"Unknown column 'avatar_url' in 'field list'","sql":"SELECT `id`, `name`, `password`, `create_time`, `gender`, `avatar_url` AS `avatarUrl`, `created_at` AS `createdAt`, `updated_at` AS `updatedAt` FROM `users` AS `user` WHERE `user`.`id` = 4;"}
sql: "SELECT `id`, `name`, `password`, `create_time`, `gender`, `avatar_url` AS `avatarUrl`, `created_at` AS `createdAt`, `updated_at` AS `updatedAt` FROM `users` AS `user` WHERE `user`.`id` = 4;"
parameters: undefined
pid: 25724
hostname: qianduan-lidongdeMacBook-Pro.local

2020-03-30 10:07:04,521 ERROR 25724 [-/::1/-/4ms GET /user/4] nodejs.SequelizeDatabaseError: Unknown column 'avatar_url' in 'field list'
    at Query.formatError (/Users/qianduan-lidong/egg-demo/node_modules/sequelize/lib/dialects/mysql/query.js:244:16)
    at Query.handler [as onResult] (/Users/qianduan-lidong/egg-demo/node_modules/sequelize/lib/dialects/mysql/query.js:51:23)
    at Query.execute (/Users/qianduan-lidong/egg-demo/node_modules/mysql2/lib/commands/command.js:30:14)
    at Connection.handlePacket (/Users/qianduan-lidong/egg-demo/node_modules/mysql2/lib/connection.js:417:32)
    at PacketParser.Connection.packetParser.p [as onPacket] (/Users/qianduan-lidong/egg-demo/node_modules/mysql2/lib/connection.js:75:12)
    at PacketParser.executeStart (/Users/qianduan-lidong/egg-demo/node_modules/mysql2/lib/packet_parser.js:75:16)
    at Socket.Connection.stream.on.data (/Users/qianduan-lidong/egg-demo/node_modules/mysql2/lib/connection.js:82:25)
    at Socket.emit (events.js:189:13)
    at addChunk (_stream_readable.js:284:12)
    at readableAddChunk (_stream_readable.js:265:11)
    at Socket.Readable.push (_stream_readable.js:220:10)
    at TCP.onStreamRead [as onread] (internal/stream_base_commons.js:94:17)
From previous event:
    at Query.run (/Users/qianduan-lidong/egg-demo/node_modules/sequelize/lib/dialects/mysql/query.js:39:12)
    at runHooks.then.then (/Users/qianduan-lidong/egg-demo/node_modules/sequelize/lib/sequelize.js:645:29)
From previous event:
    at Promise.try.then.connection (/Users/qianduan-lidong/egg-demo/node_modules/sequelize/lib/sequelize.js:645:12)
From previous event:
    at Promise.resolve.retry (/Users/qianduan-lidong/egg-demo/node_modules/sequelize/lib/sequelize.js:641:10)
    at /Users/qianduan-lidong/egg-demo/node_modules/retry-as-promised/index.js:70:21
    at new Promise (<anonymous>)
    at retryAsPromised (/Users/qianduan-lidong/egg-demo/node_modules/retry-as-promised/index.js:60:10)
    at Promise.try (/Users/qianduan-lidong/egg-demo/node_modules/sequelize/lib/sequelize.js:631:30)
From previous event:
    at Sequelize.query (/Users/qianduan-lidong/egg-demo/node_modules/sequelize/lib/sequelize.js:580:23)
    at QueryInterface.select (/Users/qianduan-lidong/egg-demo/node_modules/sequelize/lib/query-interface.js:1121:27)
    at Promise.try.then.then.then (/Users/qianduan-lidong/egg-demo/node_modules/sequelize/lib/model.js:1757:34)
    at runCallback (timers.js:705:18)
    at tryOnImmediate (timers.js:676:5)
    at processImmediate (timers.js:658:5)
From previous event:
    at Function.findAll (/Users/qianduan-lidong/egg-demo/node_modules/sequelize/lib/model.js:1755:8)
    at Function.findOne (/Users/qianduan-lidong/egg-demo/node_modules/sequelize/lib/model.js:1924:17)
    at Function.findByPk (/Users/qianduan-lidong/egg-demo/node_modules/sequelize/lib/model.js:1888:17)
    at UserController.readOne (/Users/qianduan-lidong/egg-demo/app/controller/user.js:20:39)
    at Object.callFn (/Users/qianduan-lidong/egg-demo/node_modules/egg-core/lib/utils/index.js:44:21)
    at Object.classControllerMiddleware (/Users/qianduan-lidong/egg-demo/node_modules/egg-core/lib/loader/mixin/controller.js:87:20)
    at Object.callFn (/Users/qianduan-lidong/egg-demo/node_modules/@eggjs/router/lib/utils.js:12:21)
    at wrappedController (/Users/qianduan-lidong/egg-demo/node_modules/@eggjs/router/lib/egg_router.js:322:18)
    at dispatch (/Users/qianduan-lidong/egg-demo/node_modules/koa-compose/index.js:44:32)
    at next (/Users/qianduan-lidong/egg-demo/node_modules/koa-compose/index.js:45:18)
    at /Users/qianduan-lidong/egg-demo/node_modules/@eggjs/router/lib/router.js:190:18
    at dispatch (/Users/qianduan-lidong/egg-demo/node_modules/koa-compose/index.js:44:32)
    at /Users/qianduan-lidong/egg-demo/node_modules/koa-compose/index.js:36:12
    at dispatch (/Users/qianduan-lidong/egg-demo/node_modules/@eggjs/router/lib/router.js:195:33)
    at dispatch (/Users/qianduan-lidong/egg-demo/node_modules/koa/node_modules/koa-compose/index.js:42:32)
    at jsonError (/Users/qianduan-lidong/egg-demo/node_modules/koa-json-error/lib/middleware.js:49:12)
    at dispatch (/Users/qianduan-lidong/egg-demo/node_modules/koa/node_modules/koa-compose/index.js:42:32)
    at /Users/qianduan-lidong/egg-demo/node_modules/egg-development/app/middleware/egg_loader_trace.js:9:56
    at dispatch (/Users/qianduan-lidong/egg-demo/node_modules/koa/node_modules/koa-compose/index.js:42:32)
    at i18n (/Users/qianduan-lidong/egg-demo/node_modules/egg-i18n/app/middleware/i18n.js:13:12)
    at dispatch (/Users/qianduan-lidong/egg-demo/node_modules/koa/node_modules/koa-compose/index.js:42:32)
    at dispatch (/Users/qianduan-lidong/egg-demo/node_modules/egg-security/node_modules/koa-compose/index.js:42:32)
    at dta (/Users/qianduan-lidong/egg-demo/node_modules/egg-security/lib/middlewares/dta.js:12:12)
    at dispatch (/Users/qianduan-lidong/egg-demo/node_modules/egg-security/node_modules/koa-compose/index.js:42:32)
    at xframe (/Users/qianduan-lidong/egg-demo/node_modules/egg-security/lib/middlewares/xframe.js:7:11)
name: "SequelizeDatabaseError"
parent: {"code":"ER_BAD_FIELD_ERROR","errno":1054,"sqlState":"42S22","sqlMessage":"Unknown column 'avatar_url' in 'field list'","sql":"SELECT `id`, `name`, `password`, `create_time`, `gender`, `avatar_url` AS `avatarUrl`, `created_at` AS `createdAt`, `updated_at` AS `updatedAt` FROM `users` AS `user` WHERE `user`.`id` = 4;"}
original: {"code":"ER_BAD_FIELD_ERROR","errno":1054,"sqlState":"42S22","sqlMessage":"Unknown column 'avatar_url' in 'field list'","sql":"SELECT `id`, `name`, `password`, `create_time`, `gender`, `avatar_url` AS `avatarUrl`, `created_at` AS `createdAt`, `updated_at` AS `updatedAt` FROM `users` AS `user` WHERE `user`.`id` = 4;"}
sql: "SELECT `id`, `name`, `password`, `create_time`, `gender`, `avatar_url` AS `avatarUrl`, `created_at` AS `createdAt`, `updated_at` AS `updatedAt` FROM `users` AS `user` WHERE `user`.`id` = 4;"
parameters: undefined
pid: 25724
hostname: qianduan-lidongdeMacBook-Pro.local

2020-03-30 10:08:34,533 ERROR 25769 [-/::1/-/22ms GET /user/4] nodejs.SequelizeDatabaseError: Unknown column 'avatar_url' in 'field list'
    at Query.formatError (/Users/qianduan-lidong/egg-demo/node_modules/sequelize/lib/dialects/mysql/query.js:244:16)
    at Query.handler [as onResult] (/Users/qianduan-lidong/egg-demo/node_modules/sequelize/lib/dialects/mysql/query.js:51:23)
    at Query.execute (/Users/qianduan-lidong/egg-demo/node_modules/mysql2/lib/commands/command.js:30:14)
    at Connection.handlePacket (/Users/qianduan-lidong/egg-demo/node_modules/mysql2/lib/connection.js:417:32)
    at PacketParser.Connection.packetParser.p [as onPacket] (/Users/qianduan-lidong/egg-demo/node_modules/mysql2/lib/connection.js:75:12)
    at PacketParser.executeStart (/Users/qianduan-lidong/egg-demo/node_modules/mysql2/lib/packet_parser.js:75:16)
    at Socket.Connection.stream.on.data (/Users/qianduan-lidong/egg-demo/node_modules/mysql2/lib/connection.js:82:25)
    at Socket.emit (events.js:189:13)
    at addChunk (_stream_readable.js:284:12)
    at readableAddChunk (_stream_readable.js:265:11)
    at Socket.Readable.push (_stream_readable.js:220:10)
    at TCP.onStreamRead [as onread] (internal/stream_base_commons.js:94:17)
From previous event:
    at Query.run (/Users/qianduan-lidong/egg-demo/node_modules/sequelize/lib/dialects/mysql/query.js:39:12)
    at runHooks.then.then (/Users/qianduan-lidong/egg-demo/node_modules/sequelize/lib/sequelize.js:645:29)
From previous event:
    at Promise.try.then.connection (/Users/qianduan-lidong/egg-demo/node_modules/sequelize/lib/sequelize.js:645:12)
From previous event:
    at Promise.resolve.retry (/Users/qianduan-lidong/egg-demo/node_modules/sequelize/lib/sequelize.js:641:10)
    at /Users/qianduan-lidong/egg-demo/node_modules/retry-as-promised/index.js:70:21
    at new Promise (<anonymous>)
    at retryAsPromised (/Users/qianduan-lidong/egg-demo/node_modules/retry-as-promised/index.js:60:10)
    at Promise.try (/Users/qianduan-lidong/egg-demo/node_modules/sequelize/lib/sequelize.js:631:30)
From previous event:
    at Sequelize.query (/Users/qianduan-lidong/egg-demo/node_modules/sequelize/lib/sequelize.js:580:23)
    at QueryInterface.select (/Users/qianduan-lidong/egg-demo/node_modules/sequelize/lib/query-interface.js:1121:27)
    at Promise.try.then.then.then (/Users/qianduan-lidong/egg-demo/node_modules/sequelize/lib/model.js:1757:34)
    at runCallback (timers.js:705:18)
    at tryOnImmediate (timers.js:676:5)
    at processImmediate (timers.js:658:5)
From previous event:
    at Function.findAll (/Users/qianduan-lidong/egg-demo/node_modules/sequelize/lib/model.js:1755:8)
    at Function.findOne (/Users/qianduan-lidong/egg-demo/node_modules/sequelize/lib/model.js:1924:17)
    at Function.findByPk (/Users/qianduan-lidong/egg-demo/node_modules/sequelize/lib/model.js:1888:17)
    at UserController.readOne (/Users/qianduan-lidong/egg-demo/app/controller/user.js:20:39)
    at Object.callFn (/Users/qianduan-lidong/egg-demo/node_modules/egg-core/lib/utils/index.js:44:21)
    at Object.classControllerMiddleware (/Users/qianduan-lidong/egg-demo/node_modules/egg-core/lib/loader/mixin/controller.js:87:20)
    at Object.callFn (/Users/qianduan-lidong/egg-demo/node_modules/@eggjs/router/lib/utils.js:12:21)
    at wrappedController (/Users/qianduan-lidong/egg-demo/node_modules/@eggjs/router/lib/egg_router.js:322:18)
    at dispatch (/Users/qianduan-lidong/egg-demo/node_modules/koa-compose/index.js:44:32)
    at next (/Users/qianduan-lidong/egg-demo/node_modules/koa-compose/index.js:45:18)
    at /Users/qianduan-lidong/egg-demo/node_modules/@eggjs/router/lib/router.js:190:18
    at dispatch (/Users/qianduan-lidong/egg-demo/node_modules/koa-compose/index.js:44:32)
    at /Users/qianduan-lidong/egg-demo/node_modules/koa-compose/index.js:36:12
    at dispatch (/Users/qianduan-lidong/egg-demo/node_modules/@eggjs/router/lib/router.js:195:33)
    at dispatch (/Users/qianduan-lidong/egg-demo/node_modules/koa/node_modules/koa-compose/index.js:42:32)
    at jsonError (/Users/qianduan-lidong/egg-demo/node_modules/koa-json-error/lib/middleware.js:49:12)
    at dispatch (/Users/qianduan-lidong/egg-demo/node_modules/koa/node_modules/koa-compose/index.js:42:32)
    at /Users/qianduan-lidong/egg-demo/node_modules/egg-development/app/middleware/egg_loader_trace.js:9:56
    at dispatch (/Users/qianduan-lidong/egg-demo/node_modules/koa/node_modules/koa-compose/index.js:42:32)
    at i18n (/Users/qianduan-lidong/egg-demo/node_modules/egg-i18n/app/middleware/i18n.js:13:12)
    at dispatch (/Users/qianduan-lidong/egg-demo/node_modules/koa/node_modules/koa-compose/index.js:42:32)
    at dispatch (/Users/qianduan-lidong/egg-demo/node_modules/egg-security/node_modules/koa-compose/index.js:42:32)
    at dta (/Users/qianduan-lidong/egg-demo/node_modules/egg-security/lib/middlewares/dta.js:12:12)
    at dispatch (/Users/qianduan-lidong/egg-demo/node_modules/egg-security/node_modules/koa-compose/index.js:42:32)
    at xframe (/Users/qianduan-lidong/egg-demo/node_modules/egg-security/lib/middlewares/xframe.js:7:11)
name: "SequelizeDatabaseError"
parent: {"code":"ER_BAD_FIELD_ERROR","errno":1054,"sqlState":"42S22","sqlMessage":"Unknown column 'avatar_url' in 'field list'","sql":"SELECT `id`, `name`, `password`, `create_time`, `gender`, `avatar_url` AS `avatarUrl`, `created_at` AS `createdAt`, `updated_at` AS `updatedAt` FROM `users` AS `user` WHERE `user`.`id` = 4;"}
original: {"code":"ER_BAD_FIELD_ERROR","errno":1054,"sqlState":"42S22","sqlMessage":"Unknown column 'avatar_url' in 'field list'","sql":"SELECT `id`, `name`, `password`, `create_time`, `gender`, `avatar_url` AS `avatarUrl`, `created_at` AS `createdAt`, `updated_at` AS `updatedAt` FROM `users` AS `user` WHERE `user`.`id` = 4;"}
sql: "SELECT `id`, `name`, `password`, `create_time`, `gender`, `avatar_url` AS `avatarUrl`, `created_at` AS `createdAt`, `updated_at` AS `updatedAt` FROM `users` AS `user` WHERE `user`.`id` = 4;"
parameters: undefined
pid: 25769
hostname: qianduan-lidongdeMacBook-Pro.local

2020-03-30 10:10:43,076 ERROR 25858 [-/::1/-/24ms GET /user/4] nodejs.SequelizeDatabaseError: Unknown column 'avatar_url' in 'field list'
    at Query.formatError (/Users/qianduan-lidong/egg-demo/node_modules/sequelize/lib/dialects/mysql/query.js:244:16)
    at Query.handler [as onResult] (/Users/qianduan-lidong/egg-demo/node_modules/sequelize/lib/dialects/mysql/query.js:51:23)
    at Query.execute (/Users/qianduan-lidong/egg-demo/node_modules/mysql2/lib/commands/command.js:30:14)
    at Connection.handlePacket (/Users/qianduan-lidong/egg-demo/node_modules/mysql2/lib/connection.js:417:32)
    at PacketParser.Connection.packetParser.p [as onPacket] (/Users/qianduan-lidong/egg-demo/node_modules/mysql2/lib/connection.js:75:12)
    at PacketParser.executeStart (/Users/qianduan-lidong/egg-demo/node_modules/mysql2/lib/packet_parser.js:75:16)
    at Socket.Connection.stream.on.data (/Users/qianduan-lidong/egg-demo/node_modules/mysql2/lib/connection.js:82:25)
    at Socket.emit (events.js:189:13)
    at addChunk (_stream_readable.js:284:12)
    at readableAddChunk (_stream_readable.js:265:11)
    at Socket.Readable.push (_stream_readable.js:220:10)
    at TCP.onStreamRead [as onread] (internal/stream_base_commons.js:94:17)
From previous event:
    at Query.run (/Users/qianduan-lidong/egg-demo/node_modules/sequelize/lib/dialects/mysql/query.js:39:12)
    at runHooks.then.then (/Users/qianduan-lidong/egg-demo/node_modules/sequelize/lib/sequelize.js:645:29)
From previous event:
    at Promise.try.then.connection (/Users/qianduan-lidong/egg-demo/node_modules/sequelize/lib/sequelize.js:645:12)
From previous event:
    at Promise.resolve.retry (/Users/qianduan-lidong/egg-demo/node_modules/sequelize/lib/sequelize.js:641:10)
    at /Users/qianduan-lidong/egg-demo/node_modules/retry-as-promised/index.js:70:21
    at new Promise (<anonymous>)
    at retryAsPromised (/Users/qianduan-lidong/egg-demo/node_modules/retry-as-promised/index.js:60:10)
    at Promise.try (/Users/qianduan-lidong/egg-demo/node_modules/sequelize/lib/sequelize.js:631:30)
From previous event:
    at Sequelize.query (/Users/qianduan-lidong/egg-demo/node_modules/sequelize/lib/sequelize.js:580:23)
    at QueryInterface.select (/Users/qianduan-lidong/egg-demo/node_modules/sequelize/lib/query-interface.js:1121:27)
    at Promise.try.then.then.then (/Users/qianduan-lidong/egg-demo/node_modules/sequelize/lib/model.js:1757:34)
    at runCallback (timers.js:705:18)
    at tryOnImmediate (timers.js:676:5)
    at processImmediate (timers.js:658:5)
From previous event:
    at Function.findAll (/Users/qianduan-lidong/egg-demo/node_modules/sequelize/lib/model.js:1755:8)
    at Function.findOne (/Users/qianduan-lidong/egg-demo/node_modules/sequelize/lib/model.js:1924:17)
    at Function.findByPk (/Users/qianduan-lidong/egg-demo/node_modules/sequelize/lib/model.js:1888:17)
    at UserController.readOne (/Users/qianduan-lidong/egg-demo/app/controller/user.js:20:39)
    at Object.callFn (/Users/qianduan-lidong/egg-demo/node_modules/egg-core/lib/utils/index.js:44:21)
    at Object.classControllerMiddleware (/Users/qianduan-lidong/egg-demo/node_modules/egg-core/lib/loader/mixin/controller.js:87:20)
    at Object.callFn (/Users/qianduan-lidong/egg-demo/node_modules/@eggjs/router/lib/utils.js:12:21)
    at wrappedController (/Users/qianduan-lidong/egg-demo/node_modules/@eggjs/router/lib/egg_router.js:322:18)
    at dispatch (/Users/qianduan-lidong/egg-demo/node_modules/koa-compose/index.js:44:32)
    at next (/Users/qianduan-lidong/egg-demo/node_modules/koa-compose/index.js:45:18)
    at /Users/qianduan-lidong/egg-demo/node_modules/@eggjs/router/lib/router.js:190:18
    at dispatch (/Users/qianduan-lidong/egg-demo/node_modules/koa-compose/index.js:44:32)
    at /Users/qianduan-lidong/egg-demo/node_modules/koa-compose/index.js:36:12
    at dispatch (/Users/qianduan-lidong/egg-demo/node_modules/@eggjs/router/lib/router.js:195:33)
    at dispatch (/Users/qianduan-lidong/egg-demo/node_modules/koa/node_modules/koa-compose/index.js:42:32)
    at jsonError (/Users/qianduan-lidong/egg-demo/node_modules/koa-json-error/lib/middleware.js:49:12)
    at dispatch (/Users/qianduan-lidong/egg-demo/node_modules/koa/node_modules/koa-compose/index.js:42:32)
    at /Users/qianduan-lidong/egg-demo/node_modules/egg-development/app/middleware/egg_loader_trace.js:9:56
    at dispatch (/Users/qianduan-lidong/egg-demo/node_modules/koa/node_modules/koa-compose/index.js:42:32)
    at i18n (/Users/qianduan-lidong/egg-demo/node_modules/egg-i18n/app/middleware/i18n.js:13:12)
    at dispatch (/Users/qianduan-lidong/egg-demo/node_modules/koa/node_modules/koa-compose/index.js:42:32)
    at dispatch (/Users/qianduan-lidong/egg-demo/node_modules/egg-security/node_modules/koa-compose/index.js:42:32)
    at dta (/Users/qianduan-lidong/egg-demo/node_modules/egg-security/lib/middlewares/dta.js:12:12)
    at dispatch (/Users/qianduan-lidong/egg-demo/node_modules/egg-security/node_modules/koa-compose/index.js:42:32)
    at xframe (/Users/qianduan-lidong/egg-demo/node_modules/egg-security/lib/middlewares/xframe.js:7:11)
name: "SequelizeDatabaseError"
parent: {"code":"ER_BAD_FIELD_ERROR","errno":1054,"sqlState":"42S22","sqlMessage":"Unknown column 'avatar_url' in 'field list'","sql":"SELECT `id`, `name`, `password`, `create_time`, `gender`, `avatar_url` AS `avatarUrl`, `created_at` AS `createdAt`, `updated_at` AS `updatedAt` FROM `users` AS `user` WHERE `user`.`id` = 4;"}
original: {"code":"ER_BAD_FIELD_ERROR","errno":1054,"sqlState":"42S22","sqlMessage":"Unknown column 'avatar_url' in 'field list'","sql":"SELECT `id`, `name`, `password`, `create_time`, `gender`, `avatar_url` AS `avatarUrl`, `created_at` AS `createdAt`, `updated_at` AS `updatedAt` FROM `users` AS `user` WHERE `user`.`id` = 4;"}
sql: "SELECT `id`, `name`, `password`, `create_time`, `gender`, `avatar_url` AS `avatarUrl`, `created_at` AS `createdAt`, `updated_at` AS `updatedAt` FROM `users` AS `user` WHERE `user`.`id` = 4;"
parameters: undefined
pid: 25858
hostname: qianduan-lidongdeMacBook-Pro.local

