2020-03-30 09:18:46,946 INFO 20112 [egg-logrotator] app logger reload: got log-reload message
2020-03-30 09:46:26,752 INFO 25213 [egg:logger] init all loggers with options: {"dir":"/Users/qianduan-lidong/egg-demo/logs/egg-example","encoding":"utf8","env":"local","level":"INFO","consoleLevel":"INFO","disableConsoleAfterReady":false,"outputJSON":false,"buffer":true,"appLogName":"egg-example-web.log","coreLogName":"egg-web.log","agentLogName":"egg-agent.log","errorLogName":"common-error.log","coreLogger":{"consoleLevel":"WARN"},"allowDebugAtProd":false,"type":"application"}
2020-03-30 09:46:26,784 INFO 25213 [egg-multipart] stream mode enable
2020-03-30 09:46:26,785 INFO 25213 [egg-mysql] connecting root@localhost:3306/test
2020-03-30 09:46:27,322 INFO 25213 [egg-static] starting static serve /public/ -> /Users/qianduan-lidong/egg-demo/app/public
2020-03-30 09:46:27,324 INFO 25213 [egg-security] use methodnoallow middleware
2020-03-30 09:46:27,325 INFO 25213 [egg-security] use noopen middleware
2020-03-30 09:46:27,325 INFO 25213 [egg-security] use nosniff middleware
2020-03-30 09:46:27,326 INFO 25213 [egg-security] use xssProtection middleware
2020-03-30 09:46:27,326 INFO 25213 [egg-security] use xframe middleware
2020-03-30 09:46:27,327 INFO 25213 [egg-security] use dta middleware
2020-03-30 09:46:27,327 INFO 25213 [egg-security] compose 6 middlewares into one security middleware
2020-03-30 09:46:27,378 INFO 25213 [egg:core] dump config after load, 6ms
2020-03-30 09:46:27,413 INFO 25213 [egg-watcher:application] watcher start success
2020-03-30 09:46:27,441 INFO 25213 [egg-mysql] instance[0] status OK, rds currentTime: Mon Mar 30 2020 09:46:27 GMT+0800 (GMT+08:00)
2020-03-30 09:46:27,463 INFO 25213 [egg:core] dump config after ready, 5ms
2020-03-30 09:47:40,725 INFO 25269 [egg:logger] init all loggers with options: {"dir":"/Users/qianduan-lidong/egg-demo/logs/egg-example","encoding":"utf8","env":"local","level":"INFO","consoleLevel":"INFO","disableConsoleAfterReady":false,"outputJSON":false,"buffer":true,"appLogName":"egg-example-web.log","coreLogName":"egg-web.log","agentLogName":"egg-agent.log","errorLogName":"common-error.log","coreLogger":{"consoleLevel":"WARN"},"allowDebugAtProd":false,"type":"application"}
2020-03-30 09:47:40,746 INFO 25269 [egg-multipart] stream mode enable
2020-03-30 09:47:40,747 INFO 25269 [egg-mysql] connecting root@localhost:3306/test
2020-03-30 09:47:41,038 INFO 25269 [egg-static] starting static serve /public/ -> /Users/qianduan-lidong/egg-demo/app/public
2020-03-30 09:47:41,039 INFO 25269 [egg-security] use methodnoallow middleware
2020-03-30 09:47:41,040 INFO 25269 [egg-security] use noopen middleware
2020-03-30 09:47:41,040 INFO 25269 [egg-security] use nosniff middleware
2020-03-30 09:47:41,041 INFO 25269 [egg-security] use xssProtection middleware
2020-03-30 09:47:41,041 INFO 25269 [egg-security] use xframe middleware
2020-03-30 09:47:41,042 INFO 25269 [egg-security] use dta middleware
2020-03-30 09:47:41,042 INFO 25269 [egg-security] compose 6 middlewares into one security middleware
2020-03-30 09:47:41,079 INFO 25269 [egg:core] dump config after load, 4ms
2020-03-30 09:47:41,114 INFO 25269 [egg-watcher:application] watcher start success
2020-03-30 09:47:41,115 INFO 25269 [egg-mysql] instance[0] status OK, rds currentTime: Mon Mar 30 2020 09:47:41 GMT+0800 (GMT+08:00)
2020-03-30 09:47:41,132 INFO 25269 [egg:core] dump config after ready, 4ms
2020-03-30 09:49:15,442 INFO 25361 [egg:logger] init all loggers with options: {"dir":"/Users/qianduan-lidong/egg-demo/logs/egg-example","encoding":"utf8","env":"local","level":"INFO","consoleLevel":"INFO","disableConsoleAfterReady":false,"outputJSON":false,"buffer":true,"appLogName":"egg-example-web.log","coreLogName":"egg-web.log","agentLogName":"egg-agent.log","errorLogName":"common-error.log","coreLogger":{"consoleLevel":"WARN"},"allowDebugAtProd":false,"type":"application"}
2020-03-30 09:49:15,470 INFO 25361 [egg-multipart] stream mode enable
2020-03-30 09:49:15,470 INFO 25361 [egg-mysql] connecting root@localhost:3306/test
2020-03-30 09:49:15,992 INFO 25361 [egg-static] starting static serve /public/ -> /Users/qianduan-lidong/egg-demo/app/public
2020-03-30 09:49:15,994 INFO 25361 [egg-security] use methodnoallow middleware
2020-03-30 09:49:15,995 INFO 25361 [egg-security] use noopen middleware
2020-03-30 09:49:15,995 INFO 25361 [egg-security] use nosniff middleware
2020-03-30 09:49:15,996 INFO 25361 [egg-security] use xssProtection middleware
2020-03-30 09:49:15,997 INFO 25361 [egg-security] use xframe middleware
2020-03-30 09:49:15,997 INFO 25361 [egg-security] use dta middleware
2020-03-30 09:49:15,997 INFO 25361 [egg-security] compose 6 middlewares into one security middleware
2020-03-30 09:49:16,054 INFO 25361 [egg:core] dump config after load, 5ms
2020-03-30 09:49:16,096 INFO 25361 [egg-watcher:application] watcher start success
2020-03-30 09:49:16,097 INFO 25361 [egg-mysql] instance[0] status OK, rds currentTime: Mon Mar 30 2020 09:49:16 GMT+0800 (GMT+08:00)
2020-03-30 09:49:16,120 INFO 25361 [egg:core] dump config after ready, 5ms
2020-03-30 09:50:12,466 INFO 25393 [egg:logger] init all loggers with options: {"dir":"/Users/qianduan-lidong/egg-demo/logs/egg-example","encoding":"utf8","env":"local","level":"INFO","consoleLevel":"INFO","disableConsoleAfterReady":false,"outputJSON":false,"buffer":true,"appLogName":"egg-example-web.log","coreLogName":"egg-web.log","agentLogName":"egg-agent.log","errorLogName":"common-error.log","coreLogger":{"consoleLevel":"WARN"},"allowDebugAtProd":false,"type":"application"}
2020-03-30 09:50:12,496 INFO 25393 [egg-multipart] stream mode enable
2020-03-30 09:50:12,497 INFO 25393 [egg-mysql] connecting root@localhost:3306/test
2020-03-30 09:50:13,022 INFO 25393 [egg-static] starting static serve /public/ -> /Users/qianduan-lidong/egg-demo/app/public
2020-03-30 09:50:13,025 INFO 25393 [egg-security] use methodnoallow middleware
2020-03-30 09:50:13,025 INFO 25393 [egg-security] use noopen middleware
2020-03-30 09:50:13,026 INFO 25393 [egg-security] use nosniff middleware
2020-03-30 09:50:13,027 INFO 25393 [egg-security] use xssProtection middleware
2020-03-30 09:50:13,028 INFO 25393 [egg-security] use xframe middleware
2020-03-30 09:50:13,028 INFO 25393 [egg-security] use dta middleware
2020-03-30 09:50:13,028 INFO 25393 [egg-security] compose 6 middlewares into one security middleware
2020-03-30 09:50:13,085 INFO 25393 [egg:core] dump config after load, 5ms
2020-03-30 09:50:13,112 INFO 25393 [egg-watcher:application] watcher start success
2020-03-30 09:50:13,132 INFO 25393 [egg-mysql] instance[0] status OK, rds currentTime: Mon Mar 30 2020 09:50:13 GMT+0800 (GMT+08:00)
2020-03-30 09:50:13,151 INFO 25393 [egg:core] dump config after ready, 4ms
2020-03-30 09:52:59,566 INFO 25421 [egg:logger] init all loggers with options: {"dir":"/Users/qianduan-lidong/egg-demo/logs/egg-example","encoding":"utf8","env":"local","level":"INFO","consoleLevel":"INFO","disableConsoleAfterReady":false,"outputJSON":false,"buffer":true,"appLogName":"egg-example-web.log","coreLogName":"egg-web.log","agentLogName":"egg-agent.log","errorLogName":"common-error.log","coreLogger":{"consoleLevel":"WARN"},"allowDebugAtProd":false,"type":"application"}
2020-03-30 09:52:59,591 INFO 25421 [egg-multipart] stream mode enable
2020-03-30 09:52:59,592 INFO 25421 [egg-mysql] connecting root@localhost:3306/test
2020-03-30 09:52:59,975 INFO 25421 [egg-static] starting static serve /public/ -> /Users/qianduan-lidong/egg-demo/app/public
2020-03-30 09:52:59,977 INFO 25421 [egg-security] use methodnoallow middleware
2020-03-30 09:52:59,977 INFO 25421 [egg-security] use noopen middleware
2020-03-30 09:52:59,978 INFO 25421 [egg-security] use nosniff middleware
2020-03-30 09:52:59,978 INFO 25421 [egg-security] use xssProtection middleware
2020-03-30 09:52:59,979 INFO 25421 [egg-security] use xframe middleware
2020-03-30 09:52:59,979 INFO 25421 [egg-security] use dta middleware
2020-03-30 09:52:59,979 INFO 25421 [egg-security] compose 6 middlewares into one security middleware
2020-03-30 09:53:00,023 INFO 25421 [egg:core] dump config after load, 5ms
2020-03-30 09:53:00,071 INFO 25421 [egg-watcher:application] watcher start success
2020-03-30 09:53:00,072 INFO 25421 [egg-mysql] instance[0] status OK, rds currentTime: Mon Mar 30 2020 09:53:00 GMT+0800 (GMT+08:00)
2020-03-30 09:53:00,093 INFO 25421 [egg:core] dump config after ready, 5ms
2020-03-30 10:00:01,133 INFO 25639 [egg:logger] init all loggers with options: {"dir":"/Users/qianduan-lidong/egg-demo/logs/egg-example","encoding":"utf8","env":"local","level":"INFO","consoleLevel":"INFO","disableConsoleAfterReady":false,"outputJSON":false,"buffer":true,"appLogName":"egg-example-web.log","coreLogName":"egg-web.log","agentLogName":"egg-agent.log","errorLogName":"common-error.log","coreLogger":{"consoleLevel":"WARN"},"allowDebugAtProd":false,"type":"application"}
2020-03-30 10:00:01,158 INFO 25639 [egg-multipart] stream mode enable
2020-03-30 10:00:01,158 INFO 25639 [egg-mysql] connecting root@localhost:3306/test
2020-03-30 10:00:01,513 INFO 25639 [egg-static] starting static serve /public/ -> /Users/qianduan-lidong/egg-demo/app/public
2020-03-30 10:00:01,514 INFO 25639 [egg-security] use methodnoallow middleware
2020-03-30 10:00:01,515 INFO 25639 [egg-security] use noopen middleware
2020-03-30 10:00:01,516 INFO 25639 [egg-security] use nosniff middleware
2020-03-30 10:00:01,516 INFO 25639 [egg-security] use xssProtection middleware
2020-03-30 10:00:01,517 INFO 25639 [egg-security] use xframe middleware
2020-03-30 10:00:01,517 INFO 25639 [egg-security] use dta middleware
2020-03-30 10:00:01,517 INFO 25639 [egg-security] compose 6 middlewares into one security middleware
2020-03-30 10:00:01,560 INFO 25639 [egg:core] dump config after load, 5ms
2020-03-30 10:00:01,584 INFO 25639 [egg-watcher:application] watcher start success
2020-03-30 10:00:01,599 INFO 25639 [egg-mysql] instance[0] status OK, rds currentTime: Mon Mar 30 2020 10:00:01 GMT+0800 (GMT+08:00)
2020-03-30 10:00:01,616 INFO 25639 [egg:core] dump config after ready, 5ms
2020-03-30 10:06:46,491 INFO 25724 [egg:logger] init all loggers with options: {"dir":"/Users/qianduan-lidong/egg-demo/logs/egg-example","encoding":"utf8","env":"local","level":"INFO","consoleLevel":"INFO","disableConsoleAfterReady":false,"outputJSON":false,"buffer":true,"appLogName":"egg-example-web.log","coreLogName":"egg-web.log","agentLogName":"egg-agent.log","errorLogName":"common-error.log","coreLogger":{"consoleLevel":"WARN"},"allowDebugAtProd":false,"type":"application"}
2020-03-30 10:06:46,518 INFO 25724 [egg-multipart] stream mode enable
2020-03-30 10:06:46,518 INFO 25724 [egg-mysql] connecting root@localhost:3306/test
2020-03-30 10:06:46,849 INFO 25724 [egg-static] starting static serve /public/ -> /Users/qianduan-lidong/egg-demo/app/public
2020-03-30 10:06:46,851 INFO 25724 [egg-security] use methodnoallow middleware
2020-03-30 10:06:46,852 INFO 25724 [egg-security] use noopen middleware
2020-03-30 10:06:46,853 INFO 25724 [egg-security] use nosniff middleware
2020-03-30 10:06:46,853 INFO 25724 [egg-security] use xssProtection middleware
2020-03-30 10:06:46,854 INFO 25724 [egg-security] use xframe middleware
2020-03-30 10:06:46,854 INFO 25724 [egg-security] use dta middleware
2020-03-30 10:06:46,854 INFO 25724 [egg-security] compose 6 middlewares into one security middleware
2020-03-30 10:06:46,900 INFO 25724 [egg:core] dump config after load, 4ms
2020-03-30 10:06:46,927 INFO 25724 [egg-watcher:application] watcher start success
2020-03-30 10:06:46,940 INFO 25724 [egg-mysql] instance[0] status OK, rds currentTime: Mon Mar 30 2020 10:06:46 GMT+0800 (GMT+08:00)
2020-03-30 10:06:46,962 INFO 25724 [egg:core] dump config after ready, 5ms
2020-03-30 10:08:23,386 INFO 25769 [egg:logger] init all loggers with options: {"dir":"/Users/qianduan-lidong/egg-demo/logs/egg-example","encoding":"utf8","env":"local","level":"INFO","consoleLevel":"INFO","disableConsoleAfterReady":false,"outputJSON":false,"buffer":true,"appLogName":"egg-example-web.log","coreLogName":"egg-web.log","agentLogName":"egg-agent.log","errorLogName":"common-error.log","coreLogger":{"consoleLevel":"WARN"},"allowDebugAtProd":false,"type":"application"}
2020-03-30 10:08:23,411 INFO 25769 [egg-multipart] stream mode enable
2020-03-30 10:08:23,411 INFO 25769 [egg-mysql] connecting root@localhost:3306/test
2020-03-30 10:08:23,744 INFO 25769 [egg-static] starting static serve /public/ -> /Users/qianduan-lidong/egg-demo/app/public
2020-03-30 10:08:23,746 INFO 25769 [egg-security] use methodnoallow middleware
2020-03-30 10:08:23,746 INFO 25769 [egg-security] use noopen middleware
2020-03-30 10:08:23,747 INFO 25769 [egg-security] use nosniff middleware
2020-03-30 10:08:23,748 INFO 25769 [egg-security] use xssProtection middleware
2020-03-30 10:08:23,748 INFO 25769 [egg-security] use xframe middleware
2020-03-30 10:08:23,749 INFO 25769 [egg-security] use dta middleware
2020-03-30 10:08:23,749 INFO 25769 [egg-security] compose 6 middlewares into one security middleware
2020-03-30 10:08:23,795 INFO 25769 [egg:core] dump config after load, 5ms
2020-03-30 10:08:23,835 INFO 25769 [egg-watcher:application] watcher start success
2020-03-30 10:08:23,837 INFO 25769 [egg-mysql] instance[0] status OK, rds currentTime: Mon Mar 30 2020 10:08:23 GMT+0800 (GMT+08:00)
2020-03-30 10:08:23,857 INFO 25769 [egg:core] dump config after ready, 5ms
2020-03-30 10:10:38,629 INFO 25858 [egg:logger] init all loggers with options: {"dir":"/Users/qianduan-lidong/egg-demo/logs/egg-example","encoding":"utf8","env":"local","level":"INFO","consoleLevel":"INFO","disableConsoleAfterReady":false,"outputJSON":false,"buffer":true,"appLogName":"egg-example-web.log","coreLogName":"egg-web.log","agentLogName":"egg-agent.log","errorLogName":"common-error.log","coreLogger":{"consoleLevel":"WARN"},"allowDebugAtProd":false,"type":"application"}
2020-03-30 10:10:38,653 INFO 25858 [egg-multipart] stream mode enable
2020-03-30 10:10:38,654 INFO 25858 [egg-mysql] connecting root@localhost:3306/test
2020-03-30 10:10:38,937 INFO 25858 [egg-static] starting static serve /public/ -> /Users/qianduan-lidong/egg-demo/app/public
2020-03-30 10:10:38,939 INFO 25858 [egg-security] use methodnoallow middleware
2020-03-30 10:10:38,939 INFO 25858 [egg-security] use noopen middleware
2020-03-30 10:10:38,940 INFO 25858 [egg-security] use nosniff middleware
2020-03-30 10:10:38,940 INFO 25858 [egg-security] use xssProtection middleware
2020-03-30 10:10:38,941 INFO 25858 [egg-security] use xframe middleware
2020-03-30 10:10:38,941 INFO 25858 [egg-security] use dta middleware
2020-03-30 10:10:38,941 INFO 25858 [egg-security] compose 6 middlewares into one security middleware
2020-03-30 10:10:38,984 INFO 25858 [egg:core] dump config after load, 4ms
2020-03-30 10:10:39,008 INFO 25858 [egg-watcher:application] watcher start success
2020-03-30 10:10:39,022 INFO 25858 [egg-mysql] instance[0] status OK, rds currentTime: Mon Mar 30 2020 10:10:39 GMT+0800 (GMT+08:00)
2020-03-30 10:10:39,039 INFO 25858 [egg:core] dump config after ready, 4ms
2020-03-30 10:23:26,435 INFO 25973 [egg:logger] init all loggers with options: {"dir":"/Users/qianduan-lidong/egg-demo/logs/egg-example","encoding":"utf8","env":"local","level":"INFO","consoleLevel":"INFO","disableConsoleAfterReady":false,"outputJSON":false,"buffer":true,"appLogName":"egg-example-web.log","coreLogName":"egg-web.log","agentLogName":"egg-agent.log","errorLogName":"common-error.log","coreLogger":{"consoleLevel":"WARN"},"allowDebugAtProd":false,"type":"application"}
2020-03-30 10:23:26,463 INFO 25973 [egg-multipart] stream mode enable
2020-03-30 10:23:26,463 INFO 25973 [egg-mysql] connecting root@localhost:3306/test
2020-03-30 10:23:26,979 INFO 25973 [egg-static] starting static serve /public/ -> /Users/qianduan-lidong/egg-demo/app/public
2020-03-30 10:23:26,982 INFO 25973 [egg-security] use methodnoallow middleware
2020-03-30 10:23:26,982 INFO 25973 [egg-security] use noopen middleware
2020-03-30 10:23:26,983 INFO 25973 [egg-security] use nosniff middleware
2020-03-30 10:23:26,984 INFO 25973 [egg-security] use xssProtection middleware
2020-03-30 10:23:26,984 INFO 25973 [egg-security] use xframe middleware
2020-03-30 10:23:26,985 INFO 25973 [egg-security] use dta middleware
2020-03-30 10:23:26,985 INFO 25973 [egg-security] compose 6 middlewares into one security middleware
2020-03-30 10:23:27,053 INFO 25973 [egg:core] dump config after load, 6ms
2020-03-30 10:23:27,099 INFO 25973 [egg-watcher:application] watcher start success
2020-03-30 10:23:27,100 INFO 25973 [egg-mysql] instance[0] status OK, rds currentTime: Mon Mar 30 2020 10:23:27 GMT+0800 (GMT+08:00)
2020-03-30 10:23:27,121 INFO 25973 [egg:core] dump config after ready, 5ms
2020-03-30 10:24:14,208 INFO 26018 [egg:logger] init all loggers with options: {"dir":"/Users/qianduan-lidong/egg-demo/logs/egg-example","encoding":"utf8","env":"local","level":"INFO","consoleLevel":"INFO","disableConsoleAfterReady":false,"outputJSON":false,"buffer":true,"appLogName":"egg-example-web.log","coreLogName":"egg-web.log","agentLogName":"egg-agent.log","errorLogName":"common-error.log","coreLogger":{"consoleLevel":"WARN"},"allowDebugAtProd":false,"type":"application"}
2020-03-30 10:24:14,230 INFO 26018 [egg-multipart] stream mode enable
2020-03-30 10:24:14,230 INFO 26018 [egg-mysql] connecting root@localhost:3306/test
2020-03-30 10:24:14,523 INFO 26018 [egg-static] starting static serve /public/ -> /Users/qianduan-lidong/egg-demo/app/public
2020-03-30 10:24:14,525 INFO 26018 [egg-security] use methodnoallow middleware
2020-03-30 10:24:14,525 INFO 26018 [egg-security] use noopen middleware
2020-03-30 10:24:14,526 INFO 26018 [egg-security] use nosniff middleware
2020-03-30 10:24:14,526 INFO 26018 [egg-security] use xssProtection middleware
2020-03-30 10:24:14,526 INFO 26018 [egg-security] use xframe middleware
2020-03-30 10:24:14,527 INFO 26018 [egg-security] use dta middleware
2020-03-30 10:24:14,527 INFO 26018 [egg-security] compose 6 middlewares into one security middleware
2020-03-30 10:24:14,564 INFO 26018 [egg:core] dump config after load, 4ms
2020-03-30 10:24:14,587 INFO 26018 [egg-watcher:application] watcher start success
2020-03-30 10:24:14,601 INFO 26018 [egg-mysql] instance[0] status OK, rds currentTime: Mon Mar 30 2020 10:24:14 GMT+0800 (GMT+08:00)
2020-03-30 10:24:14,618 INFO 26018 [egg:core] dump config after ready, 4ms
